<?xml version="1.0" encoding="UTF-8"?>
<!-- Generated by org.testng.reporters.JUnitReportReporter -->
<testsuite hostname="DESKTOP-PLS9NTJ" failures="0" tests="2" name="SeleniumAutomation.Test.StandAloneTest" time="19.223" errors="0" timestamp="06 Jan 2023 02:03:59 GMT" skipped="0">
  <testcase classname="SeleniumAutomation.Test.StandAloneTest" name="orderProduct" time="9.383"/>
  <testcase classname="SeleniumAutomation.Test.StandAloneTest" name="orderProduct" time="9.840"/>
</testsuite> <!-- SeleniumAutomation.Test.StandAloneTest -->
