<?xml version="1.0" encoding="UTF-8"?>
<!-- Generated by org.testng.reporters.JUnitReportReporter -->
<testsuite hostname="DESKTOP-PLS9NTJ" failures="0" tests="2" name="FrameWork.Demo" time="0.026" errors="0" timestamp="2022-12-27T18:55:41 IST" skipped="0">
  <testcase classname="FrameWork.Demo" name="run" time="0.020"/>
  <system-out/>
  <testcase classname="FrameWork.Demo" name="run" time="0.006"/>
  <system-out/>
</testsuite> <!-- FrameWork.Demo -->
