<?xml version="1.0" encoding="UTF-8"?>
<!-- Generated by org.testng.reporters.JUnitReportReporter -->
<testsuite hostname="DESKTOP-PLS9NTJ" failures="0" tests="1" name="FrameWork.NewLoan" time="0.012" errors="0" timestamp="2022-12-27T17:18:24 IST" skipped="0">
  <testcase classname="FrameWork.NewLoan" name="mobilelogin" time="0.012"/>
  <system-out/>
</testsuite> <!-- FrameWork.NewLoan -->
