<?xml version="1.0" encoding="UTF-8"?>
<!-- Generated by org.testng.reporters.JUnitReportReporter -->
<testsuite hostname="DESKTOP-PLS9NTJ" failures="0" tests="1" name="FrameWork.Demo1" time="0.002" errors="0" timestamp="2022-12-26T15:28:47 IST" skipped="0">
  <testcase classname="FrameWork.Demo1" name="run" time="0.002"/>
  <system-out/>
</testsuite> <!-- FrameWork.Demo1 -->
