<?xml version="1.0" encoding="UTF-8"?>
<!-- Generated by org.testng.reporters.JUnitReportReporter -->
<testsuite hostname="DESKTOP-PLS9NTJ" failures="0" tests="1" name="FrameWork.OldLoan" time="0.003" errors="0" timestamp="2022-12-27T15:40:01 IST" skipped="0">
  <testcase classname="FrameWork.OldLoan" name="GetLoan" time="0.003"/>
  <system-out/>
</testsuite> <!-- FrameWork.OldLoan -->
