<?xml version="1.0" encoding="UTF-8"?>
<!-- Generated by org.testng.reporters.JUnitReportReporter -->
<testsuite hostname="DESKTOP-PLS9NTJ" failures="0" tests="1" name="Cucumber.TestNGRunner" time="4.696" errors="0" timestamp="04 Jan 2023 08:31:28 GMT" skipped="0">
  <testcase classname="Cucumber.TestNGRunner" name="runScenario" time="4.696"/>
</testsuite> <!-- Cucumber.TestNGRunner -->
