<?xml version="1.0" encoding="UTF-8"?>
<!-- Generated by org.testng.reporters.JUnitReportReporter -->
<testsuite hostname="DESKTOP-PLS9NTJ" failures="0" tests="2" name="SeleniumAutomation.Test.StandAloneTest" time="30.329" errors="0" timestamp="05 Jan 2023 13:07:35 GMT" skipped="0">
  <testcase classname="SeleniumAutomation.Test.StandAloneTest" name="orderProduct" time="17.574"/>
  <testcase classname="SeleniumAutomation.Test.StandAloneTest" name="orderProduct" time="12.755"/>
</testsuite> <!-- SeleniumAutomation.Test.StandAloneTest -->
