<?xml version="1.0" encoding="UTF-8"?>
<!-- Generated by org.testng.reporters.JUnitReportReporter -->
<testsuite hostname="DESKTOP-PLS9NTJ" failures="0" tests="2" name="cucumber.TestNGRunner" time="7.270" errors="0" timestamp="12 Jan 2023 08:21:15 GMT" skipped="0">
  <testcase classname="cucumber.TestNGRunner" name="runScenario" time="3.083"/>
  <testcase classname="cucumber.TestNGRunner" name="runScenario" time="4.187"/>
</testsuite> <!-- cucumber.TestNGRunner -->
