<?xml version="1.0" encoding="UTF-8"?>
<!-- Generated by org.testng.reporters.JUnitReportReporter -->
<testsuite hostname="DESKTOP-PLS9NTJ" failures="0" tests="1" name="SeleniumAutomation.ExtentReports.ExtentPractise" time="6.459" errors="0" timestamp="2023-01-10T11:34:16 IST" skipped="0">
  <testcase classname="SeleniumAutomation.ExtentReports.ExtentPractise" name="reports" time="6.459"/>
  <system-out/>
</testsuite> <!-- SeleniumAutomation.ExtentReports.ExtentPractise -->
